{"/home/sergio/Dropbox/canaryxbackend/src/app.ts": {"path":"/home/sergio/Dropbox/canaryxbackend/src/app.ts","statementMap":{"0":{"start":{"line":1,"column":0},"end":{"line":1,"column":53}},"1":{"start":{"line":2,"column":0},"end":{"line":2,"column":24}},"2":{"start":{"line":3,"column":0},"end":{"line":3,"column":45}},"3":{"start":{"line":4,"column":0},"end":{"line":4,"column":45}},"4":{"start":{"line":5,"column":0},"end":{"line":5,"column":24}},"5":{"start":{"line":8,"column":12},"end":{"line":8,"column":21}},"6":{"start":{"line":11,"column":0},"end":{"line":11,"column":42}},"7":{"start":{"line":12,"column":0},"end":{"line":14,"column":2}},"8":{"start":{"line":16,"column":20},"end":{"line":22,"column":null}},"9":{"start":{"line":24,"column":0},"end":{"line":24,"column":27}},"10":{"start":{"line":25,"column":0},"end":{"line":25,"column":24}},"11":{"start":{"line":27,"column":0},"end":{"line":27,"column":37}},"12":{"start":{"line":28,"column":0},"end":{"line":28,"column":37}},"13":{"start":{"line":30,"column":0},"end":{"line":32,"column":3}},"14":{"start":{"line":31,"column":4},"end":{"line":31,"column":68}},"15":{"start":{"line":34,"column":0},"end":{"line":34,"column":19}}},"fnMap":{"0":{"name":"(anonymous_1)","decl":{"start":{"line":30,"column":8},"end":{"line":30,"column":9}},"loc":{"start":{"line":30,"column":63},"end":{"line":32,"column":1}}}},"branchMap":{"0":{"loc":{"start":{"line":11,"column":16},"end":{"line":11,"column":32}},"type":"binary-expr","locations":[{"start":{"line":11,"column":16},"end":{"line":11,"column":32}},{"start":{"line":11,"column":36},"end":{"line":11,"column":40}}]},"1":{"loc":{"start":{"line":31,"column":15},"end":{"line":31,"column":27}},"type":"binary-expr","locations":[{"start":{"line":31,"column":15},"end":{"line":31,"column":27}},{"start":{"line":31,"column":31},"end":{"line":31,"column":34}}]}},"s":{"0":2,"1":2,"2":2,"3":2,"4":2,"5":2,"6":2,"7":2,"8":2,"9":2,"10":2,"11":2,"12":2,"13":2,"14":3,"15":2},"f":{"0":3},"b":{"0":[2,2],"1":[3,0]}}
,"/home/sergio/Dropbox/canaryxbackend/src/controllers/TripController.ts": {"path":"/home/sergio/Dropbox/canaryxbackend/src/controllers/TripController.ts","statementMap":{"0":{"start":{"line":2,"column":0},"end":{"line":2,"column":52}},"1":{"start":{"line":3,"column":0},"end":{"line":3,"column":28}},"2":{"start":{"line":4,"column":0},"end":{"line":4,"column":38}},"3":{"start":{"line":7,"column":13},"end":{"line":9,"column":null}},"4":{"start":{"line":7,"column":65},"end":{"line":9,"column":null}},"5":{"start":{"line":8,"column":2},"end":{"line":8,"column":44}},"6":{"start":{"line":11,"column":13},"end":{"line":20,"column":null}},"7":{"start":{"line":11,"column":71},"end":{"line":20,"column":null}},"8":{"start":{"line":12,"column":2},"end":{"line":18,"column":null}},"9":{"start":{"line":13,"column":18},"end":{"line":13,"column":56}},"10":{"start":{"line":14,"column":4},"end":{"line":17,"column":16}},"11":{"start":{"line":15,"column":6},"end":{"line":15,"column":null}},"12":{"start":{"line":17,"column":6},"end":{"line":17,"column":16}},"13":{"start":{"line":19,"column":2},"end":{"line":19,"column":43}},"14":{"start":{"line":22,"column":13},"end":{"line":28,"column":null}},"15":{"start":{"line":22,"column":73},"end":{"line":28,"column":null}},"16":{"start":{"line":23,"column":16},"end":{"line":23,"column":56}},"17":{"start":{"line":24,"column":2},"end":{"line":27,"column":61}},"18":{"start":{"line":25,"column":4},"end":{"line":25,"column":17}},"19":{"start":{"line":27,"column":4},"end":{"line":27,"column":61}},"20":{"start":{"line":30,"column":13},"end":{"line":41,"column":null}},"21":{"start":{"line":30,"column":71},"end":{"line":41,"column":null}},"22":{"start":{"line":32,"column":2},"end":{"line":40,"column":51}},"23":{"start":{"line":33,"column":18},"end":{"line":33,"column":56}},"24":{"start":{"line":34,"column":4},"end":{"line":37,"column":62}},"25":{"start":{"line":35,"column":6},"end":{"line":35,"column":19}},"26":{"start":{"line":37,"column":6},"end":{"line":37,"column":62}},"27":{"start":{"line":40,"column":4},"end":{"line":40,"column":51}},"28":{"start":{"line":43,"column":13},"end":{"line":53,"column":null}},"29":{"start":{"line":43,"column":71},"end":{"line":53,"column":null}},"30":{"start":{"line":44,"column":2},"end":{"line":52,"column":50}},"31":{"start":{"line":45,"column":17},"end":{"line":45,"column":55}},"32":{"start":{"line":46,"column":4},"end":{"line":49,"column":52}},"33":{"start":{"line":47,"column":6},"end":{"line":47,"column":18}},"34":{"start":{"line":49,"column":6},"end":{"line":49,"column":52}},"35":{"start":{"line":52,"column":4},"end":{"line":52,"column":50}},"36":{"start":{"line":55,"column":13},"end":{"line":61,"column":null}},"37":{"start":{"line":55,"column":68},"end":{"line":61,"column":null}},"38":{"start":{"line":56,"column":33},"end":{"line":56,"column":70}},"39":{"start":{"line":57,"column":2},"end":{"line":60,"column":50}},"40":{"start":{"line":58,"column":4},"end":{"line":58,"column":23}},"41":{"start":{"line":60,"column":4},"end":{"line":60,"column":50}},"42":{"start":{"line":64,"column":13},"end":{"line":70,"column":null}},"43":{"start":{"line":64,"column":85},"end":{"line":70,"column":null}},"44":{"start":{"line":65,"column":27},"end":{"line":65,"column":71}},"45":{"start":{"line":66,"column":2},"end":{"line":69,"column":54}},"46":{"start":{"line":67,"column":4},"end":{"line":67,"column":17}},"47":{"start":{"line":69,"column":4},"end":{"line":69,"column":54}},"48":{"start":{"line":72,"column":13},"end":{"line":78,"column":null}},"49":{"start":{"line":72,"column":99},"end":{"line":78,"column":null}},"50":{"start":{"line":73,"column":26},"end":{"line":73,"column":76}},"51":{"start":{"line":74,"column":2},"end":{"line":77,"column":54}},"52":{"start":{"line":75,"column":4},"end":{"line":75,"column":16}},"53":{"start":{"line":77,"column":4},"end":{"line":77,"column":54}}},"fnMap":{"0":{"name":"(anonymous_8)","decl":{"start":{"line":7,"column":23},"end":{"line":7,"column":30}},"loc":{"start":{"line":7,"column":65},"end":{"line":9,"column":null}}},"1":{"name":"(anonymous_9)","decl":{"start":{"line":7,"column":65},"end":{"line":7,"column":null}},"loc":{"start":{"line":7,"column":65},"end":{"line":9,"column":1}}},"2":{"name":"(anonymous_10)","decl":{"start":{"line":11,"column":27},"end":{"line":11,"column":34}},"loc":{"start":{"line":11,"column":71},"end":{"line":20,"column":null}}},"3":{"name":"(anonymous_11)","decl":{"start":{"line":11,"column":71},"end":{"line":11,"column":null}},"loc":{"start":{"line":11,"column":71},"end":{"line":20,"column":1}}},"4":{"name":"(anonymous_12)","decl":{"start":{"line":22,"column":28},"end":{"line":22,"column":35}},"loc":{"start":{"line":22,"column":73},"end":{"line":28,"column":null}}},"5":{"name":"(anonymous_13)","decl":{"start":{"line":22,"column":73},"end":{"line":22,"column":null}},"loc":{"start":{"line":22,"column":73},"end":{"line":28,"column":1}}},"6":{"name":"(anonymous_14)","decl":{"start":{"line":30,"column":27},"end":{"line":30,"column":34}},"loc":{"start":{"line":30,"column":71},"end":{"line":41,"column":null}}},"7":{"name":"(anonymous_15)","decl":{"start":{"line":30,"column":71},"end":{"line":30,"column":null}},"loc":{"start":{"line":30,"column":71},"end":{"line":41,"column":1}}},"8":{"name":"(anonymous_16)","decl":{"start":{"line":43,"column":28},"end":{"line":43,"column":35}},"loc":{"start":{"line":43,"column":71},"end":{"line":53,"column":null}}},"9":{"name":"(anonymous_17)","decl":{"start":{"line":43,"column":71},"end":{"line":43,"column":null}},"loc":{"start":{"line":43,"column":71},"end":{"line":53,"column":1}}},"10":{"name":"(anonymous_18)","decl":{"start":{"line":55,"column":26},"end":{"line":55,"column":33}},"loc":{"start":{"line":55,"column":68},"end":{"line":61,"column":null}}},"11":{"name":"(anonymous_19)","decl":{"start":{"line":55,"column":68},"end":{"line":55,"column":null}},"loc":{"start":{"line":55,"column":68},"end":{"line":61,"column":1}}},"12":{"name":"(anonymous_20)","decl":{"start":{"line":64,"column":28},"end":{"line":64,"column":35}},"loc":{"start":{"line":64,"column":85},"end":{"line":70,"column":null}}},"13":{"name":"(anonymous_21)","decl":{"start":{"line":64,"column":85},"end":{"line":64,"column":null}},"loc":{"start":{"line":64,"column":85},"end":{"line":70,"column":1}}},"14":{"name":"(anonymous_22)","decl":{"start":{"line":72,"column":25},"end":{"line":72,"column":32}},"loc":{"start":{"line":72,"column":99},"end":{"line":78,"column":null}}},"15":{"name":"(anonymous_23)","decl":{"start":{"line":72,"column":99},"end":{"line":72,"column":null}},"loc":{"start":{"line":72,"column":99},"end":{"line":78,"column":1}}}},"branchMap":{"0":{"loc":{"start":{"line":12,"column":2},"end":{"line":18,"column":null}},"type":"if","locations":[{"start":{"line":12,"column":2},"end":{"line":18,"column":null}},{"start":{"line":12,"column":2},"end":{"line":18,"column":null}}]},"1":{"loc":{"start":{"line":14,"column":4},"end":{"line":17,"column":16}},"type":"if","locations":[{"start":{"line":14,"column":4},"end":{"line":17,"column":16}},{"start":{"line":14,"column":4},"end":{"line":17,"column":16}}]},"2":{"loc":{"start":{"line":24,"column":2},"end":{"line":27,"column":61}},"type":"if","locations":[{"start":{"line":24,"column":2},"end":{"line":27,"column":61}},{"start":{"line":24,"column":2},"end":{"line":27,"column":61}}]},"3":{"loc":{"start":{"line":32,"column":2},"end":{"line":40,"column":51}},"type":"if","locations":[{"start":{"line":32,"column":2},"end":{"line":40,"column":51}},{"start":{"line":32,"column":2},"end":{"line":40,"column":51}}]},"4":{"loc":{"start":{"line":34,"column":4},"end":{"line":37,"column":62}},"type":"if","locations":[{"start":{"line":34,"column":4},"end":{"line":37,"column":62}},{"start":{"line":34,"column":4},"end":{"line":37,"column":62}}]},"5":{"loc":{"start":{"line":44,"column":2},"end":{"line":52,"column":50}},"type":"if","locations":[{"start":{"line":44,"column":2},"end":{"line":52,"column":50}},{"start":{"line":44,"column":2},"end":{"line":52,"column":50}}]},"6":{"loc":{"start":{"line":46,"column":4},"end":{"line":49,"column":52}},"type":"if","locations":[{"start":{"line":46,"column":4},"end":{"line":49,"column":52}},{"start":{"line":46,"column":4},"end":{"line":49,"column":52}}]},"7":{"loc":{"start":{"line":57,"column":2},"end":{"line":60,"column":50}},"type":"if","locations":[{"start":{"line":57,"column":2},"end":{"line":60,"column":50}},{"start":{"line":57,"column":2},"end":{"line":60,"column":50}}]},"8":{"loc":{"start":{"line":66,"column":2},"end":{"line":69,"column":54}},"type":"if","locations":[{"start":{"line":66,"column":2},"end":{"line":69,"column":54}},{"start":{"line":66,"column":2},"end":{"line":69,"column":54}}]},"9":{"loc":{"start":{"line":74,"column":2},"end":{"line":77,"column":54}},"type":"if","locations":[{"start":{"line":74,"column":2},"end":{"line":77,"column":54}},{"start":{"line":74,"column":2},"end":{"line":77,"column":54}}]}},"s":{"0":2,"1":2,"2":2,"3":2,"4":0,"5":0,"6":2,"7":1,"8":1,"9":0,"10":0,"11":0,"12":0,"13":1,"14":2,"15":0,"16":0,"17":0,"18":0,"19":0,"20":2,"21":1,"22":1,"23":0,"24":0,"25":0,"26":0,"27":1,"28":2,"29":0,"30":0,"31":0,"32":0,"33":0,"34":0,"35":0,"36":2,"37":0,"38":0,"39":0,"40":0,"41":0,"42":2,"43":0,"44":0,"45":0,"46":0,"47":0,"48":2,"49":0,"50":0,"51":0,"52":0,"53":0},"f":{"0":0,"1":0,"2":1,"3":1,"4":0,"5":0,"6":1,"7":1,"8":0,"9":0,"10":0,"11":0,"12":0,"13":0,"14":0,"15":0},"b":{"0":[0,1],"1":[0,0],"2":[0,0],"3":[0,1],"4":[0,0],"5":[0,0],"6":[0,0],"7":[0,0],"8":[0,0],"9":[0,0]}}
,"/home/sergio/Dropbox/canaryxbackend/src/controllers/UserController.ts": {"path":"/home/sergio/Dropbox/canaryxbackend/src/controllers/UserController.ts","statementMap":{"0":{"start":{"line":1,"column":0},"end":{"line":1,"column":36}},"1":{"start":{"line":4,"column":0},"end":{"line":4,"column":38}},"2":{"start":{"line":7,"column":13},"end":{"line":17,"column":null}},"3":{"start":{"line":7,"column":84},"end":{"line":17,"column":null}},"4":{"start":{"line":8,"column":29},"end":{"line":8,"column":77}},"5":{"start":{"line":9,"column":4},"end":{"line":16,"column":50}},"6":{"start":{"line":10,"column":20},"end":{"line":12,"column":10}},"7":{"start":{"line":13,"column":8},"end":{"line":13,"column":21}},"8":{"start":{"line":16,"column":8},"end":{"line":16,"column":50}},"9":{"start":{"line":19,"column":13},"end":{"line":21,"column":2}},"10":{"start":{"line":19,"column":64},"end":{"line":21,"column":2}},"11":{"start":{"line":20,"column":4},"end":{"line":20,"column":49}},"12":{"start":{"line":24,"column":13},"end":{"line":26,"column":2}},"13":{"start":{"line":24,"column":81},"end":{"line":26,"column":2}},"14":{"start":{"line":25,"column":4},"end":{"line":25,"column":52}}},"fnMap":{"0":{"name":"(anonymous_8)","decl":{"start":{"line":7,"column":21},"end":{"line":7,"column":28}},"loc":{"start":{"line":7,"column":84},"end":{"line":17,"column":null}}},"1":{"name":"(anonymous_9)","decl":{"start":{"line":7,"column":84},"end":{"line":7,"column":null}},"loc":{"start":{"line":7,"column":84},"end":{"line":17,"column":1}}},"2":{"name":"(anonymous_10)","decl":{"start":{"line":19,"column":22},"end":{"line":19,"column":29}},"loc":{"start":{"line":19,"column":64},"end":{"line":21,"column":2}}},"3":{"name":"(anonymous_11)","decl":{"start":{"line":19,"column":64},"end":{"line":19,"column":null}},"loc":{"start":{"line":19,"column":64},"end":{"line":21,"column":1}}},"4":{"name":"(anonymous_12)","decl":{"start":{"line":24,"column":23},"end":{"line":24,"column":30}},"loc":{"start":{"line":24,"column":81},"end":{"line":26,"column":2}}},"5":{"name":"(anonymous_13)","decl":{"start":{"line":24,"column":81},"end":{"line":24,"column":null}},"loc":{"start":{"line":24,"column":81},"end":{"line":26,"column":1}}}},"branchMap":{"0":{"loc":{"start":{"line":9,"column":4},"end":{"line":16,"column":50}},"type":"if","locations":[{"start":{"line":9,"column":4},"end":{"line":16,"column":50}},{"start":{"line":9,"column":4},"end":{"line":16,"column":50}}]}},"s":{"0":2,"1":2,"2":2,"3":0,"4":0,"5":0,"6":0,"7":0,"8":0,"9":2,"10":1,"11":1,"12":2,"13":0,"14":0},"f":{"0":0,"1":0,"2":1,"3":1,"4":0,"5":0},"b":{"0":[0,0]}}
,"/home/sergio/Dropbox/canaryxbackend/src/models/TripModel.ts": {"path":"/home/sergio/Dropbox/canaryxbackend/src/models/TripModel.ts","statementMap":{"0":{"start":{"line":1,"column":0},"end":{"line":1,"column":32}},"1":{"start":{"line":4,"column":19},"end":{"line":25,"column":27}},"2":{"start":{"line":27,"column":13},"end":{"line":27,"column":70}}},"fnMap":{},"branchMap":{},"s":{"0":2,"1":2,"2":2},"f":{},"b":{}}
,"/home/sergio/Dropbox/canaryxbackend/src/models/UserModel.ts": {"path":"/home/sergio/Dropbox/canaryxbackend/src/models/UserModel.ts","statementMap":{"0":{"start":{"line":1,"column":0},"end":{"line":1,"column":32}},"1":{"start":{"line":4,"column":19},"end":{"line":11,"column":27}},"2":{"start":{"line":13,"column":13},"end":{"line":13,"column":70}}},"fnMap":{},"branchMap":{},"s":{"0":2,"1":2,"2":2},"f":{},"b":{}}
,"/home/sergio/Dropbox/canaryxbackend/src/repositories/TripRepository.ts": {"path":"/home/sergio/Dropbox/canaryxbackend/src/repositories/TripRepository.ts","statementMap":{"0":{"start":{"line":1,"column":0},"end":{"line":1,"column":60}},"1":{"start":{"line":2,"column":0},"end":{"line":2,"column":47}},"2":{"start":{"line":4,"column":0},"end":{"line":4,"column":67}},"3":{"start":{"line":7,"column":13},"end":{"line":32,"column":null}},"4":{"start":{"line":7,"column":44},"end":{"line":32,"column":null}},"5":{"start":{"line":8,"column":2},"end":{"line":8,"column":20}},"6":{"start":{"line":9,"column":15},"end":{"line":30,"column":4}},"7":{"start":{"line":31,"column":2},"end":{"line":31,"column":20}},"8":{"start":{"line":34,"column":13},"end":{"line":38,"column":null}},"9":{"start":{"line":34,"column":50},"end":{"line":38,"column":null}},"10":{"start":{"line":35,"column":2},"end":{"line":35,"column":20}},"11":{"start":{"line":36,"column":34},"end":{"line":36,"column":69}},"12":{"start":{"line":37,"column":2},"end":{"line":37,"column":15}},"13":{"start":{"line":40,"column":13},"end":{"line":44,"column":null}},"14":{"start":{"line":40,"column":52},"end":{"line":44,"column":null}},"15":{"start":{"line":41,"column":2},"end":{"line":41,"column":20}},"16":{"start":{"line":42,"column":34},"end":{"line":42,"column":78}},"17":{"start":{"line":43,"column":2},"end":{"line":43,"column":15}},"18":{"start":{"line":46,"column":13},"end":{"line":50,"column":null}},"19":{"start":{"line":46,"column":50},"end":{"line":50,"column":null}},"20":{"start":{"line":47,"column":2},"end":{"line":47,"column":20}},"21":{"start":{"line":48,"column":34},"end":{"line":48,"column":77}},"22":{"start":{"line":49,"column":2},"end":{"line":49,"column":15}},"23":{"start":{"line":52,"column":13},"end":{"line":60,"column":null}},"24":{"start":{"line":52,"column":50},"end":{"line":60,"column":null}},"25":{"start":{"line":53,"column":2},"end":{"line":53,"column":20}},"26":{"start":{"line":54,"column":26},"end":{"line":54,"column":57}},"27":{"start":{"line":55,"column":2},"end":{"line":58,"column":null}},"28":{"start":{"line":56,"column":4},"end":{"line":56,"column":23}},"29":{"start":{"line":57,"column":4},"end":{"line":57,"column":22}},"30":{"start":{"line":59,"column":2},"end":{"line":59,"column":14}},"31":{"start":{"line":62,"column":13},"end":{"line":70,"column":null}},"32":{"start":{"line":62,"column":47},"end":{"line":70,"column":null}},"33":{"start":{"line":63,"column":2},"end":{"line":63,"column":20}},"34":{"start":{"line":64,"column":31},"end":{"line":64,"column":76}},"35":{"start":{"line":65,"column":2},"end":{"line":68,"column":null}},"36":{"start":{"line":66,"column":4},"end":{"line":66,"column":56}},"37":{"start":{"line":67,"column":4},"end":{"line":67,"column":29}},"38":{"start":{"line":69,"column":2},"end":{"line":69,"column":21}},"39":{"start":{"line":72,"column":13},"end":{"line":78,"column":null}},"40":{"start":{"line":72,"column":64},"end":{"line":78,"column":null}},"41":{"start":{"line":73,"column":2},"end":{"line":73,"column":20}},"42":{"start":{"line":74,"column":27},"end":{"line":74,"column":63}},"43":{"start":{"line":75,"column":36},"end":{"line":75,"column":67}},"44":{"start":{"line":76,"column":2},"end":{"line":76,"column":50}},"45":{"start":{"line":77,"column":2},"end":{"line":77,"column":15}},"46":{"start":{"line":80,"column":13},"end":{"line":89,"column":null}},"47":{"start":{"line":80,"column":78},"end":{"line":89,"column":null}},"48":{"start":{"line":81,"column":2},"end":{"line":81,"column":20}},"49":{"start":{"line":82,"column":24},"end":{"line":82,"column":55}},"50":{"start":{"line":83,"column":2},"end":{"line":87,"column":null}},"51":{"start":{"line":84,"column":16},"end":{"line":84,"column":49}},"52":{"start":{"line":85,"column":4},"end":{"line":85,"column":27}},"53":{"start":{"line":86,"column":4},"end":{"line":86,"column":22}},"54":{"start":{"line":88,"column":2},"end":{"line":88,"column":14}}},"fnMap":{"0":{"name":"(anonymous_7)","decl":{"start":{"line":7,"column":23},"end":{"line":7,"column":30}},"loc":{"start":{"line":7,"column":44},"end":{"line":32,"column":null}}},"1":{"name":"(anonymous_8)","decl":{"start":{"line":7,"column":44},"end":{"line":7,"column":null}},"loc":{"start":{"line":7,"column":44},"end":{"line":32,"column":1}}},"2":{"name":"(anonymous_9)","decl":{"start":{"line":34,"column":27},"end":{"line":34,"column":34}},"loc":{"start":{"line":34,"column":50},"end":{"line":38,"column":null}}},"3":{"name":"(anonymous_10)","decl":{"start":{"line":34,"column":50},"end":{"line":34,"column":null}},"loc":{"start":{"line":34,"column":50},"end":{"line":38,"column":1}}},"4":{"name":"(anonymous_11)","decl":{"start":{"line":40,"column":28},"end":{"line":40,"column":35}},"loc":{"start":{"line":40,"column":52},"end":{"line":44,"column":null}}},"5":{"name":"(anonymous_12)","decl":{"start":{"line":40,"column":52},"end":{"line":40,"column":null}},"loc":{"start":{"line":40,"column":52},"end":{"line":44,"column":1}}},"6":{"name":"(anonymous_13)","decl":{"start":{"line":46,"column":27},"end":{"line":46,"column":34}},"loc":{"start":{"line":46,"column":50},"end":{"line":50,"column":null}}},"7":{"name":"(anonymous_14)","decl":{"start":{"line":46,"column":50},"end":{"line":46,"column":null}},"loc":{"start":{"line":46,"column":50},"end":{"line":50,"column":1}}},"8":{"name":"(anonymous_15)","decl":{"start":{"line":52,"column":28},"end":{"line":52,"column":35}},"loc":{"start":{"line":52,"column":50},"end":{"line":60,"column":null}}},"9":{"name":"(anonymous_16)","decl":{"start":{"line":52,"column":50},"end":{"line":52,"column":null}},"loc":{"start":{"line":52,"column":50},"end":{"line":60,"column":1}}},"10":{"name":"(anonymous_17)","decl":{"start":{"line":62,"column":26},"end":{"line":62,"column":33}},"loc":{"start":{"line":62,"column":47},"end":{"line":70,"column":null}}},"11":{"name":"(anonymous_18)","decl":{"start":{"line":62,"column":47},"end":{"line":62,"column":null}},"loc":{"start":{"line":62,"column":47},"end":{"line":70,"column":1}}},"12":{"name":"(anonymous_19)","decl":{"start":{"line":72,"column":28},"end":{"line":72,"column":35}},"loc":{"start":{"line":72,"column":64},"end":{"line":78,"column":null}}},"13":{"name":"(anonymous_20)","decl":{"start":{"line":72,"column":64},"end":{"line":72,"column":null}},"loc":{"start":{"line":72,"column":64},"end":{"line":78,"column":1}}},"14":{"name":"(anonymous_21)","decl":{"start":{"line":80,"column":25},"end":{"line":80,"column":32}},"loc":{"start":{"line":80,"column":78},"end":{"line":89,"column":null}}},"15":{"name":"(anonymous_22)","decl":{"start":{"line":80,"column":78},"end":{"line":80,"column":null}},"loc":{"start":{"line":80,"column":78},"end":{"line":89,"column":1}}}},"branchMap":{"0":{"loc":{"start":{"line":12,"column":10},"end":{"line":12,"column":19}},"type":"binary-expr","locations":[{"start":{"line":12,"column":10},"end":{"line":12,"column":19}},{"start":{"line":12,"column":23},"end":{"line":12,"column":25}}]},"1":{"loc":{"start":{"line":55,"column":2},"end":{"line":58,"column":null}},"type":"if","locations":[{"start":{"line":55,"column":2},"end":{"line":58,"column":null}},{"start":{"line":55,"column":2},"end":{"line":58,"column":null}}]},"2":{"loc":{"start":{"line":65,"column":2},"end":{"line":68,"column":null}},"type":"if","locations":[{"start":{"line":65,"column":2},"end":{"line":68,"column":null}},{"start":{"line":65,"column":2},"end":{"line":68,"column":null}}]},"3":{"loc":{"start":{"line":83,"column":2},"end":{"line":87,"column":null}},"type":"if","locations":[{"start":{"line":83,"column":2},"end":{"line":87,"column":null}},{"start":{"line":83,"column":2},"end":{"line":87,"column":null}}]}},"s":{"0":2,"1":2,"2":2,"3":2,"4":0,"5":0,"6":0,"7":0,"8":2,"9":0,"10":0,"11":0,"12":0,"13":2,"14":0,"15":0,"16":0,"17":0,"18":2,"19":0,"20":0,"21":0,"22":0,"23":2,"24":0,"25":0,"26":0,"27":0,"28":0,"29":0,"30":0,"31":2,"32":0,"33":0,"34":0,"35":0,"36":0,"37":0,"38":0,"39":2,"40":0,"41":0,"42":0,"43":0,"44":0,"45":0,"46":2,"47":0,"48":0,"49":0,"50":0,"51":0,"52":0,"53":0,"54":0},"f":{"0":0,"1":0,"2":0,"3":0,"4":0,"5":0,"6":0,"7":0,"8":0,"9":0,"10":0,"11":0,"12":0,"13":0,"14":0,"15":0},"b":{"0":[0,0],"1":[0,0],"2":[0,0],"3":[0,0]}}
,"/home/sergio/Dropbox/canaryxbackend/src/repositories/UserRepository.ts": {"path":"/home/sergio/Dropbox/canaryxbackend/src/repositories/UserRepository.ts","statementMap":{"0":{"start":{"line":1,"column":0},"end":{"line":1,"column":43}},"1":{"start":{"line":2,"column":0},"end":{"line":2,"column":60}},"2":{"start":{"line":3,"column":0},"end":{"line":3,"column":47}},"3":{"start":{"line":5,"column":0},"end":{"line":5,"column":38}},"4":{"start":{"line":6,"column":19},"end":{"line":6,"column":21}},"5":{"start":{"line":9,"column":13},"end":{"line":27,"column":null}},"6":{"start":{"line":9,"column":47},"end":{"line":27,"column":null}},"7":{"start":{"line":10,"column":2},"end":{"line":10,"column":20}},"8":{"start":{"line":11,"column":22},"end":{"line":11,"column":57}},"9":{"start":{"line":12,"column":15},"end":{"line":19,"column":4}},"10":{"start":{"line":21,"column":2},"end":{"line":26,"column":null}},"11":{"start":{"line":22,"column":4},"end":{"line":22,"column":22}},"12":{"start":{"line":23,"column":4},"end":{"line":23,"column":21}},"13":{"start":{"line":25,"column":4},"end":{"line":25,"column":51}},"14":{"start":{"line":29,"column":13},"end":{"line":35,"column":null}},"15":{"start":{"line":29,"column":68},"end":{"line":35,"column":null}},"16":{"start":{"line":30,"column":2},"end":{"line":30,"column":20}},"17":{"start":{"line":31,"column":26},"end":{"line":31,"column":59}},"18":{"start":{"line":32,"column":2},"end":{"line":33,"column":17}},"19":{"start":{"line":33,"column":4},"end":{"line":33,"column":17}},"20":{"start":{"line":34,"column":2},"end":{"line":34,"column":48}}},"fnMap":{"0":{"name":"(anonymous_8)","decl":{"start":{"line":9,"column":26},"end":{"line":9,"column":33}},"loc":{"start":{"line":9,"column":47},"end":{"line":27,"column":null}}},"1":{"name":"(anonymous_9)","decl":{"start":{"line":9,"column":47},"end":{"line":9,"column":null}},"loc":{"start":{"line":9,"column":47},"end":{"line":27,"column":1}}},"2":{"name":"(anonymous_10)","decl":{"start":{"line":29,"column":26},"end":{"line":29,"column":33}},"loc":{"start":{"line":29,"column":68},"end":{"line":35,"column":null}}},"3":{"name":"(anonymous_11)","decl":{"start":{"line":29,"column":68},"end":{"line":29,"column":null}},"loc":{"start":{"line":29,"column":68},"end":{"line":35,"column":1}}}},"branchMap":{"0":{"loc":{"start":{"line":14,"column":14},"end":{"line":14,"column":27}},"type":"binary-expr","locations":[{"start":{"line":14,"column":14},"end":{"line":14,"column":27}},{"start":{"line":14,"column":31},"end":{"line":14,"column":33}}]},"1":{"loc":{"start":{"line":16,"column":14},"end":{"line":16,"column":27}},"type":"binary-expr","locations":[{"start":{"line":16,"column":14},"end":{"line":16,"column":27}},{"start":{"line":16,"column":31},"end":{"line":16,"column":36}}]},"2":{"loc":{"start":{"line":17,"column":10},"end":{"line":17,"column":19}},"type":"binary-expr","locations":[{"start":{"line":17,"column":10},"end":{"line":17,"column":19}},{"start":{"line":17,"column":23},"end":{"line":17,"column":25}}]},"3":{"loc":{"start":{"line":18,"column":17},"end":{"line":18,"column":33}},"type":"binary-expr","locations":[{"start":{"line":18,"column":17},"end":{"line":18,"column":33}},{"start":{"line":18,"column":37},"end":{"line":18,"column":39}}]},"4":{"loc":{"start":{"line":32,"column":2},"end":{"line":33,"column":17}},"type":"if","locations":[{"start":{"line":32,"column":2},"end":{"line":33,"column":17}},{"start":{"line":32,"column":2},"end":{"line":33,"column":17}}]}},"s":{"0":2,"1":2,"2":2,"3":2,"4":2,"5":2,"6":0,"7":0,"8":0,"9":0,"10":0,"11":0,"12":0,"13":0,"14":2,"15":0,"16":0,"17":0,"18":0,"19":0,"20":0},"f":{"0":0,"1":0,"2":0,"3":0},"b":{"0":[0,0],"1":[0,0],"2":[0,0],"3":[0,0],"4":[0,0]}}
,"/home/sergio/Dropbox/canaryxbackend/src/routes/tripRoutes.ts": {"path":"/home/sergio/Dropbox/canaryxbackend/src/routes/tripRoutes.ts","statementMap":{"0":{"start":{"line":1,"column":0},"end":{"line":1,"column":52}},"1":{"start":{"line":2,"column":0},"end":{"line":2,"column":64}},"2":{"start":{"line":3,"column":0},"end":{"line":3,"column":65}},"3":{"start":{"line":5,"column":0},"end":{"line":5,"column":49}},"4":{"start":{"line":7,"column":15},"end":{"line":7,"column":23}},"5":{"start":{"line":9,"column":0},"end":{"line":11,"column":3}},"6":{"start":{"line":10,"column":2},"end":{"line":10,"column":57}},"7":{"start":{"line":13,"column":0},"end":{"line":17,"column":4}},"8":{"start":{"line":13,"column":75},"end":{"line":17,"column":2}},"9":{"start":{"line":14,"column":21},"end":{"line":14,"column":29}},"10":{"start":{"line":15,"column":2},"end":{"line":15,"column":53}},"11":{"start":{"line":16,"column":2},"end":{"line":16,"column":34}},"12":{"start":{"line":19,"column":0},"end":{"line":23,"column":4}},"13":{"start":{"line":19,"column":79},"end":{"line":23,"column":2}},"14":{"start":{"line":20,"column":19},"end":{"line":20,"column":27}},"15":{"start":{"line":21,"column":16},"end":{"line":21,"column":70}},"16":{"start":{"line":22,"column":2},"end":{"line":22,"column":37}},"17":{"start":{"line":25,"column":0},"end":{"line":29,"column":4}},"18":{"start":{"line":25,"column":80},"end":{"line":29,"column":2}},"19":{"start":{"line":26,"column":20},"end":{"line":26,"column":28}},"20":{"start":{"line":27,"column":16},"end":{"line":27,"column":72}},"21":{"start":{"line":28,"column":2},"end":{"line":28,"column":37}},"22":{"start":{"line":31,"column":0},"end":{"line":35,"column":4}},"23":{"start":{"line":31,"column":79},"end":{"line":35,"column":2}},"24":{"start":{"line":32,"column":19},"end":{"line":32,"column":27}},"25":{"start":{"line":33,"column":16},"end":{"line":33,"column":70}},"26":{"start":{"line":34,"column":2},"end":{"line":34,"column":37}},"27":{"start":{"line":37,"column":0},"end":{"line":41,"column":4}},"28":{"start":{"line":37,"column":80},"end":{"line":41,"column":2}},"29":{"start":{"line":38,"column":18},"end":{"line":38,"column":26}},"30":{"start":{"line":39,"column":16},"end":{"line":39,"column":70}},"31":{"start":{"line":40,"column":2},"end":{"line":40,"column":37}},"32":{"start":{"line":43,"column":0},"end":{"line":47,"column":4}},"33":{"start":{"line":43,"column":78},"end":{"line":47,"column":2}},"34":{"start":{"line":44,"column":21},"end":{"line":44,"column":29}},"35":{"start":{"line":45,"column":16},"end":{"line":45,"column":69}},"36":{"start":{"line":46,"column":2},"end":{"line":46,"column":37}},"37":{"start":{"line":49,"column":0},"end":{"line":53,"column":4}},"38":{"start":{"line":49,"column":80},"end":{"line":53,"column":2}},"39":{"start":{"line":50,"column":24},"end":{"line":50,"column":32}},"40":{"start":{"line":51,"column":16},"end":{"line":51,"column":76}},"41":{"start":{"line":52,"column":2},"end":{"line":52,"column":37}},"42":{"start":{"line":55,"column":0},"end":{"line":59,"column":4}},"43":{"start":{"line":55,"column":77},"end":{"line":59,"column":2}},"44":{"start":{"line":56,"column":33},"end":{"line":56,"column":41}},"45":{"start":{"line":57,"column":16},"end":{"line":57,"column":82}},"46":{"start":{"line":58,"column":2},"end":{"line":58,"column":37}},"47":{"start":{"line":61,"column":0},"end":{"line":61,"column":22}}},"fnMap":{"0":{"name":"(anonymous_9)","decl":{"start":{"line":9,"column":16},"end":{"line":9,"column":17}},"loc":{"start":{"line":9,"column":34},"end":{"line":11,"column":1}}},"1":{"name":"(anonymous_10)","decl":{"start":{"line":13,"column":37},"end":{"line":13,"column":44}},"loc":{"start":{"line":13,"column":75},"end":{"line":17,"column":2}}},"2":{"name":"(anonymous_11)","decl":{"start":{"line":13,"column":75},"end":{"line":13,"column":null}},"loc":{"start":{"line":13,"column":75},"end":{"line":17,"column":1}}},"3":{"name":"(anonymous_12)","decl":{"start":{"line":19,"column":41},"end":{"line":19,"column":48}},"loc":{"start":{"line":19,"column":79},"end":{"line":23,"column":2}}},"4":{"name":"(anonymous_13)","decl":{"start":{"line":19,"column":79},"end":{"line":19,"column":null}},"loc":{"start":{"line":19,"column":79},"end":{"line":23,"column":1}}},"5":{"name":"(anonymous_14)","decl":{"start":{"line":25,"column":42},"end":{"line":25,"column":49}},"loc":{"start":{"line":25,"column":80},"end":{"line":29,"column":2}}},"6":{"name":"(anonymous_15)","decl":{"start":{"line":25,"column":80},"end":{"line":25,"column":null}},"loc":{"start":{"line":25,"column":80},"end":{"line":29,"column":1}}},"7":{"name":"(anonymous_16)","decl":{"start":{"line":31,"column":41},"end":{"line":31,"column":48}},"loc":{"start":{"line":31,"column":79},"end":{"line":35,"column":2}}},"8":{"name":"(anonymous_17)","decl":{"start":{"line":31,"column":79},"end":{"line":31,"column":null}},"loc":{"start":{"line":31,"column":79},"end":{"line":35,"column":1}}},"9":{"name":"(anonymous_18)","decl":{"start":{"line":37,"column":42},"end":{"line":37,"column":49}},"loc":{"start":{"line":37,"column":80},"end":{"line":41,"column":2}}},"10":{"name":"(anonymous_19)","decl":{"start":{"line":37,"column":80},"end":{"line":37,"column":null}},"loc":{"start":{"line":37,"column":80},"end":{"line":41,"column":1}}},"11":{"name":"(anonymous_20)","decl":{"start":{"line":43,"column":40},"end":{"line":43,"column":47}},"loc":{"start":{"line":43,"column":78},"end":{"line":47,"column":2}}},"12":{"name":"(anonymous_21)","decl":{"start":{"line":43,"column":78},"end":{"line":43,"column":null}},"loc":{"start":{"line":43,"column":78},"end":{"line":47,"column":1}}},"13":{"name":"(anonymous_22)","decl":{"start":{"line":49,"column":42},"end":{"line":49,"column":49}},"loc":{"start":{"line":49,"column":80},"end":{"line":53,"column":2}}},"14":{"name":"(anonymous_23)","decl":{"start":{"line":49,"column":80},"end":{"line":49,"column":null}},"loc":{"start":{"line":49,"column":80},"end":{"line":53,"column":1}}},"15":{"name":"(anonymous_24)","decl":{"start":{"line":55,"column":39},"end":{"line":55,"column":46}},"loc":{"start":{"line":55,"column":77},"end":{"line":59,"column":2}}},"16":{"name":"(anonymous_25)","decl":{"start":{"line":55,"column":77},"end":{"line":55,"column":null}},"loc":{"start":{"line":55,"column":77},"end":{"line":59,"column":1}}}},"branchMap":{},"s":{"0":2,"1":2,"2":2,"3":2,"4":2,"5":2,"6":0,"7":2,"8":0,"9":0,"10":0,"11":0,"12":2,"13":1,"14":1,"15":1,"16":0,"17":2,"18":0,"19":0,"20":0,"21":0,"22":2,"23":1,"24":1,"25":1,"26":0,"27":2,"28":0,"29":0,"30":0,"31":0,"32":2,"33":0,"34":0,"35":0,"36":0,"37":2,"38":0,"39":0,"40":0,"41":0,"42":2,"43":0,"44":0,"45":0,"46":0,"47":2},"f":{"0":0,"1":0,"2":0,"3":1,"4":1,"5":0,"6":0,"7":1,"8":1,"9":0,"10":0,"11":0,"12":0,"13":0,"14":0,"15":0,"16":0},"b":{}}
,"/home/sergio/Dropbox/canaryxbackend/src/routes/userRoutes.ts": {"path":"/home/sergio/Dropbox/canaryxbackend/src/routes/userRoutes.ts","statementMap":{"0":{"start":{"line":1,"column":0},"end":{"line":1,"column":52}},"1":{"start":{"line":2,"column":0},"end":{"line":2,"column":64}},"2":{"start":{"line":3,"column":0},"end":{"line":3,"column":65}},"3":{"start":{"line":4,"column":0},"end":{"line":4,"column":70}},"4":{"start":{"line":6,"column":0},"end":{"line":6,"column":38}},"5":{"start":{"line":7,"column":0},"end":{"line":7,"column":49}},"6":{"start":{"line":11,"column":15},"end":{"line":11,"column":23}},"7":{"start":{"line":13,"column":0},"end":{"line":15,"column":3}},"8":{"start":{"line":14,"column":2},"end":{"line":14,"column":57}},"9":{"start":{"line":17,"column":0},"end":{"line":24,"column":6}},"10":{"start":{"line":20,"column":53},"end":{"line":24,"column":4}},"11":{"start":{"line":21,"column":32},"end":{"line":21,"column":40}},"12":{"start":{"line":22,"column":18},"end":{"line":22,"column":77}},"13":{"start":{"line":23,"column":4},"end":{"line":23,"column":32}},"14":{"start":{"line":26,"column":0},"end":{"line":37,"column":6}},"15":{"start":{"line":29,"column":53},"end":{"line":37,"column":4}},"16":{"start":{"line":30,"column":18},"end":{"line":30,"column":39}},"17":{"start":{"line":31,"column":4},"end":{"line":33,"column":null}},"18":{"start":{"line":32,"column":6},"end":{"line":32,"column":49}},"19":{"start":{"line":34,"column":23},"end":{"line":34,"column":31}},"20":{"start":{"line":35,"column":4},"end":{"line":35,"column":48}},"21":{"start":{"line":36,"column":4},"end":{"line":36,"column":36}},"22":{"start":{"line":39,"column":0},"end":{"line":48,"column":6}},"23":{"start":{"line":41,"column":53},"end":{"line":48,"column":4}},"24":{"start":{"line":43,"column":27},"end":{"line":43,"column":35}},"25":{"start":{"line":45,"column":17},"end":{"line":45,"column":73}},"26":{"start":{"line":47,"column":4},"end":{"line":47,"column":27}},"27":{"start":{"line":50,"column":0},"end":{"line":50,"column":22}}},"fnMap":{"0":{"name":"(anonymous_9)","decl":{"start":{"line":13,"column":16},"end":{"line":13,"column":17}},"loc":{"start":{"line":13,"column":48},"end":{"line":15,"column":1}}},"1":{"name":"(anonymous_10)","decl":{"start":{"line":20,"column":15},"end":{"line":20,"column":22}},"loc":{"start":{"line":20,"column":53},"end":{"line":24,"column":4}}},"2":{"name":"(anonymous_11)","decl":{"start":{"line":20,"column":53},"end":{"line":20,"column":null}},"loc":{"start":{"line":20,"column":53},"end":{"line":24,"column":3}}},"3":{"name":"(anonymous_12)","decl":{"start":{"line":29,"column":15},"end":{"line":29,"column":22}},"loc":{"start":{"line":29,"column":53},"end":{"line":37,"column":4}}},"4":{"name":"(anonymous_13)","decl":{"start":{"line":29,"column":53},"end":{"line":29,"column":null}},"loc":{"start":{"line":29,"column":53},"end":{"line":37,"column":3}}},"5":{"name":"(anonymous_14)","decl":{"start":{"line":41,"column":15},"end":{"line":41,"column":22}},"loc":{"start":{"line":41,"column":53},"end":{"line":48,"column":4}}},"6":{"name":"(anonymous_15)","decl":{"start":{"line":41,"column":53},"end":{"line":41,"column":null}},"loc":{"start":{"line":41,"column":53},"end":{"line":48,"column":3}}}},"branchMap":{"0":{"loc":{"start":{"line":31,"column":4},"end":{"line":33,"column":null}},"type":"if","locations":[{"start":{"line":31,"column":4},"end":{"line":33,"column":null}},{"start":{"line":31,"column":4},"end":{"line":33,"column":null}}]}},"s":{"0":2,"1":2,"2":2,"3":2,"4":2,"5":2,"6":2,"7":2,"8":0,"9":2,"10":0,"11":0,"12":0,"13":0,"14":2,"15":1,"16":1,"17":1,"18":1,"19":0,"20":0,"21":0,"22":2,"23":0,"24":0,"25":0,"26":0,"27":2},"f":{"0":0,"1":0,"2":0,"3":1,"4":1,"5":0,"6":0},"b":{"0":[1,0]}}
,"/home/sergio/Dropbox/canaryxbackend/src/util/ConectionDatabase.ts": {"path":"/home/sergio/Dropbox/canaryxbackend/src/util/ConectionDatabase.ts","statementMap":{"0":{"start":{"line":1,"column":0},"end":{"line":1,"column":32}},"1":{"start":{"line":3,"column":13},"end":{"line":8,"column":null}},"2":{"start":{"line":4,"column":12},"end":{"line":4,"column":47}},"3":{"start":{"line":5,"column":2},"end":{"line":5,"column":77}},"4":{"start":{"line":6,"column":2},"end":{"line":6,"column":39}},"5":{"start":{"line":7,"column":2},"end":{"line":7,"column":42}}},"fnMap":{"0":{"name":"(anonymous_1)","decl":{"start":{"line":3,"column":31},"end":{"line":3,"column":34}},"loc":{"start":{"line":3,"column":36},"end":{"line":8,"column":1}}}},"branchMap":{},"s":{"0":2,"1":2,"2":0,"3":0,"4":0,"5":0},"f":{"0":0},"b":{}}
,"/home/sergio/Dropbox/canaryxbackend/src/util/typesOfTrips.ts": {"path":"/home/sergio/Dropbox/canaryxbackend/src/util/typesOfTrips.ts","statementMap":{"0":{"start":{"line":2,"column":13},"end":{"line":5,"column":null}},"1":{"start":{"line":3,"column":33},"end":{"line":3,"column":62}},"2":{"start":{"line":4,"column":2},"end":{"line":4,"column":32}}},"fnMap":{"0":{"name":"(anonymous_0)","decl":{"start":{"line":2,"column":28},"end":{"line":2,"column":29}},"loc":{"start":{"line":2,"column":45},"end":{"line":5,"column":1}}}},"branchMap":{},"s":{"0":2,"1":3,"2":3},"f":{"0":3},"b":{}}
,"/home/sergio/Dropbox/canaryxbackend/src/util/utilTrips.ts": {"path":"/home/sergio/Dropbox/canaryxbackend/src/util/utilTrips.ts","statementMap":{"0":{"start":{"line":4,"column":13},"end":{"line":23,"column":null}},"1":{"start":{"line":6,"column":2},"end":{"line":6,"column":40}},"2":{"start":{"line":7,"column":2},"end":{"line":7,"column":34}},"3":{"start":{"line":8,"column":2},"end":{"line":8,"column":32}},"4":{"start":{"line":9,"column":2},"end":{"line":9,"column":30}},"5":{"start":{"line":10,"column":2},"end":{"line":10,"column":46}},"6":{"start":{"line":11,"column":2},"end":{"line":11,"column":32}},"7":{"start":{"line":12,"column":2},"end":{"line":12,"column":32}},"8":{"start":{"line":13,"column":2},"end":{"line":13,"column":30}},"9":{"start":{"line":14,"column":2},"end":{"line":14,"column":30}},"10":{"start":{"line":15,"column":2},"end":{"line":15,"column":36}},"11":{"start":{"line":16,"column":2},"end":{"line":16,"column":34}},"12":{"start":{"line":17,"column":2},"end":{"line":17,"column":46}},"13":{"start":{"line":18,"column":2},"end":{"line":18,"column":38}},"14":{"start":{"line":19,"column":2},"end":{"line":19,"column":42}},"15":{"start":{"line":20,"column":2},"end":{"line":20,"column":32}},"16":{"start":{"line":21,"column":2},"end":{"line":21,"column":44}},"17":{"start":{"line":22,"column":2},"end":{"line":22,"column":17}},"18":{"start":{"line":25,"column":13},"end":{"line":31,"column":null}},"19":{"start":{"line":26,"column":2},"end":{"line":29,"column":5}},"20":{"start":{"line":27,"column":4},"end":{"line":28,"column":29}},"21":{"start":{"line":28,"column":6},"end":{"line":28,"column":29}},"22":{"start":{"line":30,"column":2},"end":{"line":30,"column":15}}},"fnMap":{"0":{"name":"(anonymous_0)","decl":{"start":{"line":4,"column":34},"end":{"line":4,"column":35}},"loc":{"start":{"line":4,"column":72},"end":{"line":23,"column":1}}},"1":{"name":"(anonymous_1)","decl":{"start":{"line":25,"column":26},"end":{"line":25,"column":27}},"loc":{"start":{"line":25,"column":67},"end":{"line":31,"column":1}}},"2":{"name":"(anonymous_2)","decl":{"start":{"line":26,"column":16},"end":{"line":26,"column":17}},"loc":{"start":{"line":26,"column":32},"end":{"line":29,"column":3}}}},"branchMap":{"0":{"loc":{"start":{"line":27,"column":4},"end":{"line":28,"column":29}},"type":"if","locations":[{"start":{"line":27,"column":4},"end":{"line":28,"column":29}},{"start":{"line":27,"column":4},"end":{"line":28,"column":29}}]}},"s":{"0":2,"1":0,"2":0,"3":0,"4":0,"5":0,"6":0,"7":0,"8":0,"9":0,"10":0,"11":0,"12":0,"13":0,"14":0,"15":0,"16":0,"17":0,"18":2,"19":0,"20":0,"21":0,"22":0},"f":{"0":0,"1":0,"2":0},"b":{"0":[0,0]}}
,"/home/sergio/Dropbox/canaryxbackend/test/testRepository/testRepository.ts": {"path":"/home/sergio/Dropbox/canaryxbackend/test/testRepository/testRepository.ts","statementMap":{"0":{"start":{"line":3,"column":13},"end":{"line":5,"column":null}},"1":{"start":{"line":3,"column":47},"end":{"line":5,"column":null}},"2":{"start":{"line":4,"column":2},"end":{"line":4,"column":19}}},"fnMap":{"0":{"name":"(anonymous_7)","decl":{"start":{"line":3,"column":26},"end":{"line":3,"column":33}},"loc":{"start":{"line":3,"column":47},"end":{"line":5,"column":null}}},"1":{"name":"(anonymous_8)","decl":{"start":{"line":3,"column":47},"end":{"line":3,"column":null}},"loc":{"start":{"line":3,"column":47},"end":{"line":5,"column":1}}}},"branchMap":{},"s":{"0":1,"1":1,"2":1},"f":{"0":1,"1":1},"b":{}}
}
