TN:
SF:/home/sergio/Dropbox/canaryxbackend/src/app.ts
FN:30,(anonymous_1)
FNF:1
FNH:1
FNDA:3,(anonymous_1)
DA:1,2
DA:2,2
DA:3,2
DA:4,2
DA:5,2
DA:8,2
DA:11,2
DA:12,2
DA:16,2
DA:24,2
DA:25,2
DA:27,2
DA:28,2
DA:30,2
DA:31,3
DA:34,2
LF:16
LH:16
BRDA:11,0,0,2
BRDA:11,0,1,2
BRF:2
BRH:2
end_of_record
TN:
SF:/home/sergio/Dropbox/canaryxbackend/src/controllers/TripController.ts
FN:7,(anonymous_8)
FN:7,(anonymous_9)
FN:11,(anonymous_10)
FN:11,(anonymous_11)
FN:22,(anonymous_12)
FN:22,(anonymous_13)
FN:30,(anonymous_14)
FN:30,(anonymous_15)
FN:43,(anonymous_16)
FN:43,(anonymous_17)
FNF:10
FNH:4
FNDA:0,(anonymous_8)
FNDA:0,(anonymous_9)
FNDA:1,(anonymous_10)
FNDA:1,(anonymous_11)
FNDA:0,(anonymous_12)
FNDA:0,(anonymous_13)
FNDA:1,(anonymous_14)
FNDA:1,(anonymous_15)
FNDA:0,(anonymous_16)
FNDA:0,(anonymous_17)
DA:2,2
DA:3,2
DA:4,2
DA:7,2
DA:8,0
DA:11,2
DA:12,1
DA:13,0
DA:14,0
DA:15,0
DA:17,0
DA:19,1
DA:22,2
DA:23,0
DA:24,0
DA:25,0
DA:27,0
DA:30,2
DA:32,1
DA:33,0
DA:34,0
DA:35,0
DA:37,0
DA:40,1
DA:43,2
DA:44,0
DA:45,0
DA:46,0
DA:47,0
DA:49,0
DA:52,0
LF:31
LH:12
BRDA:12,0,0,0
BRDA:12,0,1,1
BRDA:14,1,0,0
BRDA:14,1,1,0
BRDA:24,2,0,0
BRDA:24,2,1,0
BRDA:32,3,0,0
BRDA:32,3,1,1
BRDA:34,4,0,0
BRDA:34,4,1,0
BRDA:44,5,0,0
BRDA:44,5,1,0
BRDA:46,6,0,0
BRDA:46,6,1,0
BRF:14
BRH:2
end_of_record
TN:
SF:/home/sergio/Dropbox/canaryxbackend/src/controllers/UserController.ts
FN:7,(anonymous_8)
FN:7,(anonymous_9)
FN:20,(anonymous_10)
FN:20,(anonymous_11)
FNF:4
FNH:2
FNDA:0,(anonymous_8)
FNDA:0,(anonymous_9)
FNDA:1,(anonymous_10)
FNDA:1,(anonymous_11)
DA:1,2
DA:4,2
DA:7,2
DA:8,0
DA:9,0
DA:10,0
DA:11,0
DA:14,0
DA:17,0
DA:20,2
DA:21,1
LF:11
LH:5
BRDA:10,0,0,0
BRDA:10,0,1,0
BRF:2
BRH:0
end_of_record
TN:
SF:/home/sergio/Dropbox/canaryxbackend/src/models/TripModel.ts
FNF:0
FNH:0
DA:1,2
DA:4,2
DA:27,2
LF:3
LH:3
BRF:0
BRH:0
end_of_record
TN:
SF:/home/sergio/Dropbox/canaryxbackend/src/models/UserModel.ts
FNF:0
FNH:0
DA:1,2
DA:4,2
DA:13,2
LF:3
LH:3
BRF:0
BRH:0
end_of_record
TN:
SF:/home/sergio/Dropbox/canaryxbackend/src/repositories/TripRepository.ts
FN:6,(anonymous_7)
FN:6,(anonymous_8)
FN:33,(anonymous_9)
FN:33,(anonymous_10)
FN:39,(anonymous_11)
FN:39,(anonymous_12)
FN:45,(anonymous_13)
FN:45,(anonymous_14)
FN:51,(anonymous_15)
FN:51,(anonymous_16)
FNF:10
FNH:0
FNDA:0,(anonymous_7)
FNDA:0,(anonymous_8)
FNDA:0,(anonymous_9)
FNDA:0,(anonymous_10)
FNDA:0,(anonymous_11)
FNDA:0,(anonymous_12)
FNDA:0,(anonymous_13)
FNDA:0,(anonymous_14)
FNDA:0,(anonymous_15)
FNDA:0,(anonymous_16)
DA:2,2
DA:3,2
DA:6,2
DA:7,0
DA:8,0
DA:30,0
DA:33,2
DA:34,0
DA:35,0
DA:36,0
DA:39,2
DA:40,0
DA:41,0
DA:42,0
DA:45,2
DA:46,0
DA:47,0
DA:48,0
DA:51,2
DA:52,0
DA:53,0
DA:54,0
DA:55,0
DA:56,0
DA:58,0
LF:25
LH:7
BRDA:11,0,0,0
BRDA:11,0,1,0
BRDA:54,1,0,0
BRDA:54,1,1,0
BRF:4
BRH:0
end_of_record
TN:
SF:/home/sergio/Dropbox/canaryxbackend/src/repositories/UserRepository.ts
FN:9,(anonymous_8)
FN:9,(anonymous_9)
FN:29,(anonymous_10)
FN:29,(anonymous_11)
FNF:4
FNH:0
FNDA:0,(anonymous_8)
FNDA:0,(anonymous_9)
FNDA:0,(anonymous_10)
FNDA:0,(anonymous_11)
DA:1,2
DA:2,2
DA:3,2
DA:5,2
DA:6,2
DA:9,2
DA:10,0
DA:11,0
DA:12,0
DA:21,0
DA:22,0
DA:23,0
DA:25,0
DA:29,2
DA:30,0
DA:31,0
DA:32,0
DA:33,0
DA:34,0
LF:19
LH:7
BRDA:14,0,0,0
BRDA:14,0,1,0
BRDA:16,1,0,0
BRDA:16,1,1,0
BRDA:17,2,0,0
BRDA:17,2,1,0
BRDA:18,3,0,0
BRDA:18,3,1,0
BRDA:32,4,0,0
BRDA:32,4,1,0
BRF:10
BRH:0
end_of_record
TN:
SF:/home/sergio/Dropbox/canaryxbackend/src/routes/tripRoutes.ts
FN:9,(anonymous_9)
FN:13,(anonymous_10)
FN:13,(anonymous_11)
FN:19,(anonymous_12)
FN:19,(anonymous_13)
FN:25,(anonymous_14)
FN:25,(anonymous_15)
FN:31,(anonymous_16)
FN:31,(anonymous_17)
FN:37,(anonymous_18)
FN:37,(anonymous_19)
FNF:11
FNH:4
FNDA:0,(anonymous_9)
FNDA:0,(anonymous_10)
FNDA:0,(anonymous_11)
FNDA:1,(anonymous_12)
FNDA:1,(anonymous_13)
FNDA:0,(anonymous_14)
FNDA:0,(anonymous_15)
FNDA:1,(anonymous_16)
FNDA:1,(anonymous_17)
FNDA:0,(anonymous_18)
FNDA:0,(anonymous_19)
DA:1,2
DA:2,2
DA:3,2
DA:5,2
DA:7,2
DA:9,2
DA:10,0
DA:13,2
DA:14,0
DA:15,0
DA:16,0
DA:19,2
DA:20,1
DA:21,1
DA:22,0
DA:25,2
DA:26,0
DA:27,0
DA:28,0
DA:31,2
DA:32,1
DA:33,1
DA:34,0
DA:37,2
DA:38,0
DA:39,0
DA:40,0
DA:43,2
LF:28
LH:16
BRF:0
BRH:0
end_of_record
TN:
SF:/home/sergio/Dropbox/canaryxbackend/src/routes/userRoutes.ts
FN:12,(anonymous_9)
FN:19,(anonymous_10)
FN:19,(anonymous_11)
FN:27,(anonymous_12)
FN:27,(anonymous_13)
FNF:5
FNH:2
FNDA:0,(anonymous_9)
FNDA:0,(anonymous_10)
FNDA:0,(anonymous_11)
FNDA:1,(anonymous_12)
FNDA:1,(anonymous_13)
DA:1,2
DA:2,2
DA:3,2
DA:4,2
DA:6,2
DA:7,2
DA:10,2
DA:12,2
DA:13,0
DA:16,2
DA:19,0
DA:20,0
DA:21,0
DA:24,2
DA:27,1
DA:28,1
DA:29,1
DA:30,1
DA:32,0
DA:33,0
DA:34,0
DA:37,2
LF:22
LH:15
BRDA:29,0,0,1
BRDA:29,0,1,0
BRF:2
BRH:1
end_of_record
TN:
SF:/home/sergio/Dropbox/canaryxbackend/src/util/ConectionDatabase.ts
FN:3,(anonymous_1)
FNF:1
FNH:0
FNDA:0,(anonymous_1)
DA:1,2
DA:3,2
DA:4,0
DA:5,0
DA:6,0
DA:7,0
LF:6
LH:2
BRF:0
BRH:0
end_of_record
TN:
SF:/home/sergio/Dropbox/canaryxbackend/src/util/typesOfTrips.ts
FN:2,(anonymous_0)
FNF:1
FNH:1
FNDA:3,(anonymous_0)
DA:2,2
DA:3,3
DA:4,3
LF:3
LH:3
BRF:0
BRH:0
end_of_record
TN:
SF:/home/sergio/Dropbox/canaryxbackend/test/testRepository/testRepository.ts
FN:3,(anonymous_7)
FN:3,(anonymous_8)
FNF:2
FNH:2
FNDA:1,(anonymous_7)
FNDA:1,(anonymous_8)
DA:3,1
DA:4,1
LF:2
LH:2
BRF:0
BRH:0
end_of_record
